<?xml version="1.0" encoding="UTF-8"?>
<!-- Generated by org.testng.reporters.JUnitReportReporter -->
<testsuite skipped="0" hostname="DESKTOP-GE9IHO9" name="com.qa.testcases.Regression_UpdateRecord_deleteRecord" tests="10" failures="0" timestamp="06 Jan 2019 22:07:34 GMT" time="8.002" errors="0">
  <testcase name="clickAddNewComputer" time="1.405" classname="com.qa.testcases.Regression_UpdateRecord_deleteRecord"/>
  <testcase name="searchfunctionValidation" time="0.813" classname="com.qa.testcases.Regression_UpdateRecord_deleteRecord"/>
  <testcase name="clickOnsearchRecord" time="0.473" classname="com.qa.testcases.Regression_UpdateRecord_deleteRecord"/>
  <testcase name="enterNewValues" time="1.295" classname="com.qa.testcases.Regression_UpdateRecord_deleteRecord"/>
  <testcase name="clickonSaveButton" time="1.428" classname="com.qa.testcases.Regression_UpdateRecord_deleteRecord"/>
  <testcase name="alertValidation" time="0.074" classname="com.qa.testcases.Regression_UpdateRecord_deleteRecord"/>
  <testcase name="updatedValueValidation" time="0.776" classname="com.qa.testcases.Regression_UpdateRecord_deleteRecord"/>
  <testcase name="deleteRecord" time="1.157" classname="com.qa.testcases.Regression_UpdateRecord_deleteRecord"/>
  <testcase name="alertValidationOnDelete" time="0.067" classname="com.qa.testcases.Regression_UpdateRecord_deleteRecord"/>
  <testcase name="errorValidation" time="0.514" classname="com.qa.testcases.Regression_UpdateRecord_deleteRecord"/>
</testsuite> <!-- com.qa.testcases.Regression_UpdateRecord_deleteRecord -->
