<?xml version="1.0" encoding="UTF-8"?>
<!-- Generated by org.testng.reporters.JUnitReportReporter -->
<testsuite skipped="0" hostname="DESKTOP-GE9IHO9" name="com.qa.testcases.Regression_AddNewComputer_SearchFunctionality" tests="8" failures="0" timestamp="06 Jan 2019 22:06:34 GMT" time="3.111" errors="0">
  <testcase name="homepageTitleValidation" time="0.028" classname="com.qa.testcases.Regression_AddNewComputer_SearchFunctionality"/>
  <testcase name="numberOfComputer" time="0.074" classname="com.qa.testcases.Regression_AddNewComputer_SearchFunctionality"/>
  <testcase name="clickAddNewComputer" time="0.392" classname="com.qa.testcases.Regression_AddNewComputer_SearchFunctionality"/>
  <testcase name="enterValues" time="0.942" classname="com.qa.testcases.Regression_AddNewComputer_SearchFunctionality"/>
  <testcase name="clickOncreateComputer" time="0.629" classname="com.qa.testcases.Regression_AddNewComputer_SearchFunctionality"/>
  <testcase name="alertValidation" time="0.153" classname="com.qa.testcases.Regression_AddNewComputer_SearchFunctionality"/>
  <testcase name="noOfComputerValidation" time="0.066" classname="com.qa.testcases.Regression_AddNewComputer_SearchFunctionality"/>
  <testcase name="searchfunctionValidation" time="0.827" classname="com.qa.testcases.Regression_AddNewComputer_SearchFunctionality"/>
</testsuite> <!-- com.qa.testcases.Regression_AddNewComputer_SearchFunctionality -->
